[2026-03-05 07:43:44] Login attempt: staff@grabandgo.com
Result count: 1
User found: 2 | Role: staff
Login Success
[2026-03-05 07:46:34] Login attempt: saviojosekvr@gmail.com
Result count: 1
User found: 6 | Role: customer
Login Failed: Invalid password
[2026-03-05 07:46:41] Login attempt: saviojosekvr@gmail.com
Result count: 1
User found: 6 | Role: customer
Login Failed: Invalid password
[2026-03-05 07:47:00] Login attempt: admin@grabandgo.com
Result count: 1
User found: 1 | Role: admin
Login Success
[2026-03-05 07:50:34] Login attempt: staff@grabandgo.com
Result count: 1
User found: 2 | Role: staff
Login Success
[2026-03-05 07:51:35] Login attempt: admin@grabandgo.com
Result count: 1
User found: 1 | Role: admin
Login Success
[2026-03-05 07:52:35] Login attempt: abnersamjose2028@mca.ajce.in
Result count: 1
User found: 14 | Role: customer
Login Success
[2026-03-05 07:55:19] Login attempt: staff@grabandgo.com
Result count: 1
User found: 2 | Role: staff
Login Success
[2026-03-05 08:06:12] Login attempt: staff@grabandgo.com
Result count: 1
User found: 2 | Role: staff
Login Failed: Invalid password
[2026-03-05 08:06:21] Login attempt: staff@grabandgo.com
Result count: 1
User found: 2 | Role: staff
Login Success
[2026-03-05 08:06:54] Login attempt: admin@grabandgo.com
Result count: 1
User found: 1 | Role: admin
Login Success
[2026-03-05 08:24:40] Login attempt: admin@grabandgo.com
Result count: 1
User found: 1 | Role: admin
Login Success
[2026-03-05 08:28:12] Login attempt: staff@grabandgo.com
Result count: 1
User found: 2 | Role: staff
Login Success
[2026-03-05 08:32:47] Login attempt: staff@grabandgo.com
Result count: 1
User found: 2 | Role: staff
Login Success
[2026-03-05 08:45:17] Login attempt: staff@grabandgo.com
Result count: 1
User found: 2 | Role: staff
Login Success
[2026-03-05 09:28:06] Login attempt: staff@grabandgo.com
Result count: 1
User found: 2 | Role: staff
Login Success
[2026-03-05 09:30:28] Login attempt: abnersamjose2028@mca.ajce.in
Result count: 1
User found: 14 | Role: customer
Login Success
[2026-03-05 09:31:21] Login attempt: staff@grabandgo.com
Result count: 1
User found: 2 | Role: staff
Login Success
[2026-03-05 09:51:56] Login attempt: staff@grabandgo.com
Result count: 1
User found: 2 | Role: staff
Login Success
[2026-03-05 10:13:40] Login attempt: staff@grabandgo.com
Result count: 1
User found: 2 | Role: staff
Login Success
[2026-03-05 10:28:34] Login attempt: staff@grabandgo.com
Result count: 1
User found: 2 | Role: staff
Login Success
[2026-03-05 10:44:45] Login attempt: staff@grabandgo.com
Result count: 1
User found: 2 | Role: staff
Login Success
[2026-03-05 10:55:57] Login attempt: abnersamjose2028@mca.ajce.in
Result count: 1
User found: 14 | Role: customer
Login Success
[2026-03-05 10:56:31] Login attempt: admin@grabandgo.com
Result count: 1
User found: 1 | Role: admin
Login Success
[2026-03-05 11:06:49] Login attempt: staff@grabandgo.com
Result count: 1
User found: 2 | Role: staff
Login Success
[2026-03-05 11:07:29] Login attempt: admin@grabandgo.com
Result count: 1
User found: 1 | Role: admin
Login Success
[2026-03-06 03:13:16] Login attempt: admin@grabandgo.com
Result count: 1
User found: 1 | Role: admin
Login Success
[2026-03-06 03:18:37] Login attempt: admin@grabandgo.com
Result count: 1
User found: 1 | Role: admin
Login Success
[2026-03-06 03:29:49] Login attempt: staff@grabandgo.com
Result count: 1
User found: 2 | Role: staff
Login Success
[2026-03-06 03:30:10] Login attempt: admin@grabandgo.coma
Result count: 0
Login Failed: User not found or multiple found
[2026-03-06 03:30:20] Login attempt: admin@grabandgo.coma
Result count: 0
Login Failed: User not found or multiple found
[2026-03-06 03:30:25] Login attempt: admin@grabandgo.com
Result count: 1
User found: 1 | Role: admin
Login Success
[2026-03-06 06:59:49] Login attempt: admin@grabandgo.com
Result count: 1
User found: 1 | Role: admin
Login Success
[2026-03-06 07:00:51] Login attempt: staff@grabandgo.coms
Result count: 0
Login Failed: User not found or multiple found
[2026-03-06 07:00:56] Login attempt: staff@grabandgo.com
Result count: 1
User found: 2 | Role: staff
Login Success
[2026-03-06 07:01:19] Login attempt: admin@grabandgo.com
Result count: 1
User found: 1 | Role: admin
Login Success
[2026-03-06 07:35:21] Login attempt: admin@grabandgo.coma
Result count: 0
Login Failed: User not found or multiple found
[2026-03-06 07:35:26] Login attempt: admin@grabandgo.com
Result count: 1
User found: 1 | Role: admin
Login Success
[2026-03-06 07:36:21] Login attempt: admin@grabandgo.coma
Result count: 0
Login Failed: User not found or multiple found
[2026-03-06 07:36:24] Login attempt: admin@grabandgo.com
Result count: 1
User found: 1 | Role: admin
Login Failed: Invalid password
[2026-03-06 07:36:32] Login attempt: admin@grabandgo.com
Result count: 1
User found: 1 | Role: admin
Login Failed: Invalid password
[2026-03-06 07:36:36] Login attempt: admin@grabandgo.com
Result count: 1
User found: 1 | Role: admin
Login Success
[2026-03-06 07:38:15] Login attempt: staff@grabandgo.com
Result count: 1
User found: 2 | Role: staff
Login Success
[2026-03-06 07:44:21] Login attempt: admin@grabandgo.com
Result count: 1
User found: 1 | Role: admin
Login Success
[2026-03-06 07:45:43] Login attempt: admin@grabandgo.coma
Result count: 0
Login Failed: User not found or multiple found
[2026-03-06 07:45:46] Login attempt: admin@grabandgo.com
Result count: 1
User found: 1 | Role: admin
Login Success
[2026-03-06 07:50:00] Login attempt: admin@grabandgo.com
Result count: 1
User found: 1 | Role: admin
Login Success
[2026-03-06 07:54:34] Login attempt: staff@grabandgo.com
Result count: 1
User found: 2 | Role: staff
Login Failed: Invalid password
[2026-03-06 07:54:47] Login attempt: staff@grabandgo.com
Result count: 1
User found: 2 | Role: staff
Login Success
[2026-03-06 07:56:43] Login attempt: admin@grabandgo.coma
Result count: 0
Login Failed: User not found or multiple found
[2026-03-06 07:56:48] Login attempt: admin@grabandgo.com
Result count: 1
User found: 1 | Role: admin
Login Success
[2026-03-06 08:07:20] Login attempt: admin@grabandgo.coma
Result count: 0
Login Failed: User not found or multiple found
[2026-03-06 08:07:23] Login attempt: admin@grabandgo.com
Result count: 1
User found: 1 | Role: admin
Login Failed: Invalid password
[2026-03-06 08:07:33] Login attempt: admin@grabandgo.com
Result count: 1
User found: 1 | Role: admin
Login Success
[2026-03-06 08:09:35] Login attempt: staff@grabandgo.com
Result count: 1
User found: 2 | Role: staff
Login Failed: Invalid password
[2026-03-06 08:09:43] Login attempt: staff@grabandgo.com
Result count: 1
User found: 2 | Role: staff
Login Success
[2026-03-06 08:24:26] Login attempt: admin@grabandgo.com
Result count: 1
User found: 1 | Role: admin
Login Success
[2026-03-06 08:26:15] Login attempt: admin@grabandgo.coma
Result count: 0
Login Failed: User not found or multiple found
[2026-03-06 08:26:17] Login attempt: admin@grabandgo.com
Result count: 1
User found: 1 | Role: admin
Login Success
[2026-03-06 08:47:23] Login attempt: admin@grabandgo.com
Result count: 1
User found: 1 | Role: admin
Login Success
[2026-03-06 08:47:48] Login attempt: staff@grabandgo.com
Result count: 1
User found: 2 | Role: staff
Login Success
[2026-03-06 08:48:07] Login attempt: admin@grabandgo.coma
Result count: 0
Login Failed: User not found or multiple found
[2026-03-06 08:48:10] Login attempt: admin@grabandgo.coma
Result count: 0
Login Failed: User not found or multiple found
[2026-03-06 08:48:13] Login attempt: admin@grabandgo.com
Result count: 1
User found: 1 | Role: admin
Login Success
[2026-03-06 08:58:28] Login attempt: admin@grabandgo.com
Result count: 1
User found: 1 | Role: admin
Login Success
[2026-03-06 09:08:35] Login attempt: admin@grabandgo.coma
Result count: 0
Login Failed: User not found or multiple found
[2026-03-06 09:08:39] Login attempt: admin@grabandgo.com
Result count: 1
User found: 1 | Role: admin
Login Success
[2026-03-06 09:14:18] Login attempt: admin@grabandgo.com
Result count: 1
User found: 1 | Role: admin
Login Success
[2026-03-06 09:20:52] Login attempt: admin@grabandgo.com
Result count: 1
User found: 1 | Role: admin
Login Success
[2026-03-06 09:26:46] Login attempt: admin@grabandgo.coma
Result count: 0
Login Failed: User not found or multiple found
[2026-03-06 09:26:49] Login attempt: admin@grabandgo.com
Result count: 1
User found: 1 | Role: admin
Login Failed: Invalid password
[2026-03-06 09:26:59] Login attempt: admin@grabandgo.com
Result count: 1
User found: 1 | Role: admin
Login Failed: Invalid password
[2026-03-06 09:27:08] Login attempt: admin@grabandgo.com
Result count: 1
User found: 1 | Role: admin
Login Success
[2026-03-06 09:28:10] Login attempt: abnersamjose2028@mca.ajce.in
Result count: 1
User found: 14 | Role: customer
Login Failed: Invalid password
[2026-03-06 09:28:16] Login attempt: abnersamjose2028@mca.ajce.in
Result count: 1
User found: 14 | Role: customer
Login Success
[2026-03-06 10:23:24] Login attempt: abnersamjose2028@mca.ajce.in
Result count: 1
User found: 14 | Role: customer
Login Success
[2026-03-06 10:34:34] Login attempt: abnersamjose2028@mca.ajce.ina
Result count: 0
Login Failed: User not found or multiple found
[2026-03-06 10:34:38] Login attempt: abnersamjose2028@mca.ajce.in
Result count: 1
User found: 14 | Role: customer
Login Success
[2026-03-06 10:41:43] Login attempt: abnersamjose2028@mca.ajce.in
Result count: 1
User found: 14 | Role: customer
Login Success
[2026-03-06 10:46:48] Login attempt: abnersamjose2028@mca.ajce.in
Result count: 1
User found: 14 | Role: customer
Login Success
[2026-03-06 10:52:46] Login attempt: abnersamjose2028@mca.ajce.in
Result count: 1
User found: 14 | Role: customer
Login Success
[2026-03-06 10:57:22] Login attempt: abnersamjose2028@mca.ajce.in
Result count: 1
User found: 14 | Role: customer
Login Success
[2026-03-06 11:08:03] Login attempt: abnersamjose2028@mca.ajce.in
Result count: 1
User found: 14 | Role: customer
Login Success
[2026-03-06 11:41:06] Login attempt: abnersamjose2028@mca.ajce.in
Result count: 1
User found: 14 | Role: customer
Login Success
[2026-03-06 11:45:51] Login attempt: abnersamjose2028@mca.ajce.ina
Result count: 0
Login Failed: User not found or multiple found
[2026-03-06 11:45:54] Login attempt: abnersamjose2028@mca.ajce.in
Result count: 1
User found: 14 | Role: customer
Login Success
[2026-03-06 11:50:47] Login attempt: abnersamjose2028@mca.ajce.in
Result count: 1
User found: 14 | Role: customer
Login Success
[2026-03-06 11:54:10] Login attempt: staff@grabandgo.com
Result count: 1
User found: 2 | Role: staff
Login Success
